<?xml version="1.0" encoding="UTF-8"?>
<!-- Generated by org.testng.reporters.JUnitReportReporter -->
<testsuite hostname="DESKTOP-DBKS997" failures="0" tests="1" name="com.demowebshop.RegisterModule" time="44.620" errors="0" timestamp="2023-04-03T14:31:29 IST" skipped="0">
  <testcase classname="com.demowebshop.RegisterModule" name="script" time="44.620"/>
  <system-out/>
</testsuite> <!-- com.demowebshop.RegisterModule -->
